[debug] [2022-11-20T07:51:45.575Z] ----------------------------------------------------------------------
[debug] [2022-11-20T07:51:45.577Z] Command:       C:\Program Files\nodejs\node.exe C:\Users\Youcode\AppData\Roaming\npm\node_modules\firebase-tools\lib\bin\firebase.js init
[debug] [2022-11-20T07:51:45.577Z] CLI Version:   11.16.1
[debug] [2022-11-20T07:51:45.577Z] Platform:      win32
[debug] [2022-11-20T07:51:45.578Z] Node Version:  v16.16.0
[debug] [2022-11-20T07:51:45.579Z] Time:          Sun Nov 20 2022 08:51:45 GMT+0100 (UTC+01:00)
[debug] [2022-11-20T07:51:45.579Z] ----------------------------------------------------------------------
[debug] 
[debug] [2022-11-20T07:51:45.582Z] >>> [apiv2][query] GET https://firebase-public.firebaseio.com/cli.json [none]
[debug] [2022-11-20T07:51:45.602Z] > command requires scopes: ["email","openid","https://www.googleapis.com/auth/cloudplatformprojects.readonly","https://www.googleapis.com/auth/firebase","https://www.googleapis.com/auth/cloud-platform"]
[debug] [2022-11-20T07:51:45.603Z] > authorizing via signed-in user (najjarmedd@gmail.com)
[info] 
     ######## #### ########  ######## ########     ###     ######  ########
     ##        ##  ##     ## ##       ##     ##  ##   ##  ##       ##
     ######    ##  ########  ######   ########  #########  ######  ######
     ##        ##  ##    ##  ##       ##     ## ##     ##       ## ##
     ##       #### ##     ## ######## ########  ##     ##  ######  ########

You're about to initialize a Firebase project in this directory:

  C:\Users\Youcode\Documents\builds\sosyoussoufiawebapp

[debug] [2022-11-20T07:51:46.308Z] <<< [apiv2][status] GET https://firebase-public.firebaseio.com/cli.json 200
[debug] [2022-11-20T07:51:46.308Z] <<< [apiv2][body] GET https://firebase-public.firebaseio.com/cli.json {"cloudBuildErrorAfter":1594252800000,"cloudBuildWarnAfter":1590019200000,"defaultNode10After":1594252800000,"minVersion":"3.0.5","node8DeploysDisabledAfter":1613390400000,"node8RuntimeDisabledAfter":1615809600000,"node8WarnAfter":1600128000000}
